<?xml version="1.0" encoding="UTF-8"?>
<!-- Generated by org.testng.reporters.JUnitXMLReporter -->
<testsuite hostname="mypc" ignored="0" name="Banking App test" tests="1" failures="1" timestamp="09 May 2021 14:39:22 GMT" time="11.534" errors="0">
  <testcase name="loginTest" time="7.86" classname="com.inetBanking.testCases.TC_LoginTest_001">
    <failure type="java.lang.AssertionError" message="expected [true] but found [false]">
      <![CDATA[java.lang.AssertionError: expected [true] but found [false]
at com.inetBanking.testCases.TC_LoginTest_001.loginTest(TC_LoginTest_001.java:47)
... Removed 29 stack frames]]>
    </failure>
  </testcase> <!-- loginTest -->
</testsuite> <!-- Banking App test -->
