<?xml version="1.0" encoding="UTF-8"?>
<testng-results skipped="0" failed="0" ignored="0" total="1" passed="1">
  <reporter-output>
  </reporter-output>
  <suite name="Default suite" duration-ms="22184" started-at="2021-05-09T06:22:36Z" finished-at="2021-05-09T06:22:58Z">
    <groups>
    </groups>
    <test name="Default test" duration-ms="22184" started-at="2021-05-09T06:22:36Z" finished-at="2021-05-09T06:22:58Z">
      <class name="com.inetBanking.testCases.TC_LoginTest_001">
        <test-method status="PASS" signature="setup()[pri:0, instance:com.inetBanking.testCases.TC_LoginTest_001@5702b3b1]" name="setup" is-config="true" duration-ms="8526" started-at="2021-05-09T06:22:36Z" finished-at="2021-05-09T06:22:45Z">
          <reporter-output>
          </reporter-output>
        </test-method> <!-- setup -->
        <test-method status="PASS" signature="loginTest()[pri:0, instance:com.inetBanking.testCases.TC_LoginTest_001@5702b3b1]" name="loginTest" duration-ms="12592" started-at="2021-05-09T06:22:45Z" finished-at="2021-05-09T06:22:57Z">
          <reporter-output>
          </reporter-output>
        </test-method> <!-- loginTest -->
        <test-method status="PASS" signature="tearDown()[pri:0, instance:com.inetBanking.testCases.TC_LoginTest_001@5702b3b1]" name="tearDown" is-config="true" duration-ms="1010" started-at="2021-05-09T06:22:57Z" finished-at="2021-05-09T06:22:58Z">
          <reporter-output>
          </reporter-output>
        </test-method> <!-- tearDown -->
      </class> <!-- com.inetBanking.testCases.TC_LoginTest_001 -->
    </test> <!-- Default test -->
  </suite> <!-- Default suite -->
</testng-results>
